  [1m[36mSQL (0.4ms)[0m  [1mSHOW client_min_messages[0m
  [1m[35mSQL (0.1ms)[0m  SET client_min_messages TO 'panic'
  [1m[36mSQL (0.1ms)[0m  [1mSET standard_conforming_strings = on[0m
  [1m[35mSQL (0.1ms)[0m  SET client_min_messages TO 'notice'
  [1m[36mSQL (89.8ms)[0m  [1mSET time zone 'UTC'[0m
  [1m[35mSQL (9.5ms)[0m  SHOW TIME ZONE
  [1m[36mSQL (4.9ms)[0m  [1m SELECT COUNT(*)
 FROM pg_tables
 WHERE tablename = 'schema_migrations'
 
[0m
  [1m[35mSQL (122.7ms)[0m  CREATE TABLE "schema_migrations" ("version" character varying(255) NOT NULL) 
  [1m[36mSQL (0.2ms)[0m  [1mSHOW search_path[0m
  [1m[35mSQL (4.2ms)[0m   SELECT distinct i.relname, d.indisunique, d.indkey, t.oid
 FROM pg_class t, pg_class i, pg_index d
 WHERE i.relkind = 'i'
 AND d.indexrelid = i.oid
 AND d.indisprimary = 'f'
 AND t.oid = d.indrelid
 AND t.relname = 'schema_migrations'
 AND i.relnamespace IN (SELECT oid FROM pg_namespace WHERE nspname IN ('"$user"','public') )
 ORDER BY i.relname
  [1m[36mSQL (20.0ms)[0m  [1mCREATE UNIQUE INDEX "unique_schema_migrations" ON "schema_migrations" ("version")[0m
  [1m[35mSQL (0.7ms)[0m   SELECT COUNT(*)
 FROM pg_tables
 WHERE tablename = 'schema_info'
 
  [1m[36mSQL (1.0ms)[0m  [1m SELECT tablename
 FROM pg_tables
 WHERE schemaname = ANY (current_schemas(false))
[0m
  [1m[35mSQL (4.1ms)[0m   SELECT a.attname, format_type(a.atttypid, a.atttypmod), d.adsrc, a.attnotnull
 FROM pg_attribute a LEFT JOIN pg_attrdef d
 ON a.attrelid = d.adrelid AND a.attnum = d.adnum
 WHERE a.attrelid = '"schema_migrations"'::regclass
 AND a.attnum > 0 AND NOT a.attisdropped
 ORDER BY a.attnum
  [1m[36mSQL (0.6ms)[0m  [1mSELECT "schema_migrations"."version" FROM "schema_migrations"[0m
  [1m[35mSQL (39.1ms)[0m  SET search_path TO public
  [1m[36mSQL (4.1ms)[0m  [1mSHOW client_min_messages[0m
  [1m[35mSQL (0.2ms)[0m  SET client_min_messages TO 'panic'
  [1m[36mSQL (0.2ms)[0m  [1mSET standard_conforming_strings = on[0m
  [1m[35mSQL (0.2ms)[0m  SET client_min_messages TO 'notice'
  [1m[36mSQL (1.0ms)[0m  [1mSET time zone 'UTC'[0m
  [1m[35mSQL (0.2ms)[0m  SHOW TIME ZONE
  [1m[36mSQL (1.4ms)[0m  [1mDROP DATABASE IF EXISTS "bestbcn_test"[0m
  [1m[35mSQL (0.1ms)[0m  SET search_path TO public
  [1m[36mSQL (0.2ms)[0m  [1mSHOW client_min_messages[0m
  [1m[35mSQL (0.1ms)[0m  SET client_min_messages TO 'panic'
  [1m[36mSQL (0.1ms)[0m  [1mSET standard_conforming_strings = on[0m
  [1m[35mSQL (0.1ms)[0m  SET client_min_messages TO 'notice'
  [1m[36mSQL (0.5ms)[0m  [1mSET time zone 'UTC'[0m
  [1m[35mSQL (0.1ms)[0m  SHOW TIME ZONE
  [1m[36mSQL (417.5ms)[0m  [1mCREATE DATABASE "bestbcn_test" ENCODING = 'unicode'[0m
  [1m[36mSQL (0.3ms)[0m  [1mSHOW client_min_messages[0m
  [1m[35mSQL (0.1ms)[0m  SET client_min_messages TO 'panic'
  [1m[36mSQL (0.1ms)[0m  [1mSET standard_conforming_strings = on[0m
  [1m[35mSQL (0.1ms)[0m  SET client_min_messages TO 'notice'
  [1m[36mSQL (0.5ms)[0m  [1mSET time zone 'UTC'[0m
  [1m[35mSQL (0.1ms)[0m  SHOW TIME ZONE
  [1m[36mSQL (3.4ms)[0m  [1m SELECT COUNT(*)
 FROM pg_tables
 WHERE tablename = 'schema_migrations'
 
[0m
  [1m[35mSQL (0.6ms)[0m   SELECT COUNT(*)
 FROM pg_tables
 WHERE tablename = 'schema_migrations'
 
  [1m[36mSQL (1.1ms)[0m  [1m SELECT tablename
 FROM pg_tables
 WHERE schemaname = ANY (current_schemas(false))
[0m
  [1m[35mSQL (2.2ms)[0m   SELECT a.attname, format_type(a.atttypid, a.atttypmod), d.adsrc, a.attnotnull
 FROM pg_attribute a LEFT JOIN pg_attrdef d
 ON a.attrelid = d.adrelid AND a.attnum = d.adnum
 WHERE a.attrelid = '"schema_migrations"'::regclass
 AND a.attnum > 0 AND NOT a.attisdropped
 ORDER BY a.attnum
  [1m[36mSQL (0.4ms)[0m  [1mSELECT "schema_migrations"."version" FROM "schema_migrations"[0m
  [1m[35mSQL (0.6ms)[0m   SELECT tablename
 FROM pg_tables
 WHERE schemaname = ANY (current_schemas(false))
  [1m[36mSQL (0.3ms)[0m  [1mSHOW client_min_messages[0m
  [1m[35mSQL (0.1ms)[0m  SET client_min_messages TO 'panic'
  [1m[36mSQL (0.1ms)[0m  [1mSET standard_conforming_strings = on[0m
  [1m[35mSQL (0.1ms)[0m  SET client_min_messages TO 'notice'
  [1m[36mSQL (0.5ms)[0m  [1mSET time zone 'UTC'[0m
  [1m[35mSQL (0.1ms)[0m  SHOW TIME ZONE
  [1m[36mSQL (2.8ms)[0m  [1m SELECT COUNT(*)
 FROM pg_tables
 WHERE tablename = 'schema_migrations'
 
[0m
  [1m[35mSQL (1.0ms)[0m   SELECT tablename
 FROM pg_tables
 WHERE schemaname = ANY (current_schemas(false))
  [1m[36mSQL (2.0ms)[0m  [1m SELECT a.attname, format_type(a.atttypid, a.atttypmod), d.adsrc, a.attnotnull
 FROM pg_attribute a LEFT JOIN pg_attrdef d
 ON a.attrelid = d.adrelid AND a.attnum = d.adnum
 WHERE a.attrelid = '"schema_migrations"'::regclass
 AND a.attnum > 0 AND NOT a.attisdropped
 ORDER BY a.attnum
[0m
  [1m[35mSQL (0.3ms)[0m  SELECT "schema_migrations"."version" FROM "schema_migrations"
  [1m[36mSQL (0.1ms)[0m  [1mSET search_path TO public[0m
  [1m[35mSQL (0.2ms)[0m  SHOW client_min_messages
  [1m[36mSQL (0.1ms)[0m  [1mSET client_min_messages TO 'panic'[0m
  [1m[35mSQL (0.1ms)[0m  SET standard_conforming_strings = on
  [1m[36mSQL (0.1ms)[0m  [1mSET client_min_messages TO 'notice'[0m
  [1m[35mSQL (0.5ms)[0m  SET time zone 'UTC'
  [1m[36mSQL (0.1ms)[0m  [1mSHOW TIME ZONE[0m
  [1m[35mSQL (144.2ms)[0m  DROP DATABASE IF EXISTS "bestbcn_test"
  [1m[36mSQL (0.1ms)[0m  [1mSET search_path TO public[0m
  [1m[35mSQL (0.2ms)[0m  SHOW client_min_messages
  [1m[36mSQL (0.1ms)[0m  [1mSET client_min_messages TO 'panic'[0m
  [1m[35mSQL (0.1ms)[0m  SET standard_conforming_strings = on
  [1m[36mSQL (0.1ms)[0m  [1mSET client_min_messages TO 'notice'[0m
  [1m[35mSQL (0.5ms)[0m  SET time zone 'UTC'
  [1m[36mSQL (0.1ms)[0m  [1mSHOW TIME ZONE[0m
  [1m[35mSQL (272.8ms)[0m  CREATE DATABASE "bestbcn_test" ENCODING = 'unicode'
  [1m[36mSQL (0.3ms)[0m  [1mSHOW client_min_messages[0m
  [1m[35mSQL (0.1ms)[0m  SET client_min_messages TO 'panic'
  [1m[36mSQL (0.1ms)[0m  [1mSET standard_conforming_strings = on[0m
  [1m[35mSQL (0.1ms)[0m  SET client_min_messages TO 'notice'
  [1m[36mSQL (0.5ms)[0m  [1mSET time zone 'UTC'[0m
  [1m[35mSQL (0.1ms)[0m  SHOW TIME ZONE
  [1m[36mSQL (3.7ms)[0m  [1m SELECT COUNT(*)
 FROM pg_tables
 WHERE tablename = 'schema_migrations'
 
[0m
  [1m[35mSQL (12.2ms)[0m  CREATE TABLE "schema_migrations" ("version" character varying(255) NOT NULL) 
  [1m[36mSQL (0.2ms)[0m  [1mSHOW search_path[0m
  [1m[35mSQL (3.1ms)[0m   SELECT distinct i.relname, d.indisunique, d.indkey, t.oid
 FROM pg_class t, pg_class i, pg_index d
 WHERE i.relkind = 'i'
 AND d.indexrelid = i.oid
 AND d.indisprimary = 'f'
 AND t.oid = d.indrelid
 AND t.relname = 'schema_migrations'
 AND i.relnamespace IN (SELECT oid FROM pg_namespace WHERE nspname IN ('"$user"','public') )
 ORDER BY i.relname
  [1m[36mSQL (18.4ms)[0m  [1mCREATE UNIQUE INDEX "unique_schema_migrations" ON "schema_migrations" ("version")[0m
  [1m[35mSQL (0.6ms)[0m   SELECT COUNT(*)
 FROM pg_tables
 WHERE tablename = 'schema_info'
 
  [1m[36mSQL (0.3ms)[0m  [1mSELECT version FROM "schema_migrations"[0m
  [1m[35mSQL (18.6ms)[0m  INSERT INTO "schema_migrations" (version) VALUES ('0')
  [1m[36mSQL (17.6ms)[0m  [1mSHOW client_min_messages[0m
  [1m[35mSQL (0.2ms)[0m  SET client_min_messages TO 'panic'
  [1m[36mSQL (0.1ms)[0m  [1mSET standard_conforming_strings = on[0m
  [1m[35mSQL (0.1ms)[0m  SET client_min_messages TO 'notice'
  [1m[36mSQL (65.1ms)[0m  [1mSET time zone 'UTC'[0m
  [1m[35mSQL (0.2ms)[0m  SHOW TIME ZONE
  [1m[36mSQL (20.2ms)[0m  [1m SELECT COUNT(*)
 FROM pg_tables
 WHERE tablename = 'schema_migrations'
 
[0m
  [1m[35mSQL (1.6ms)[0m   SELECT tablename
 FROM pg_tables
 WHERE schemaname = ANY (current_schemas(false))
  [1m[36mSQL (6.3ms)[0m  [1m SELECT a.attname, format_type(a.atttypid, a.atttypmod), d.adsrc, a.attnotnull
 FROM pg_attribute a LEFT JOIN pg_attrdef d
 ON a.attrelid = d.adrelid AND a.attnum = d.adnum
 WHERE a.attrelid = '"schema_migrations"'::regclass
 AND a.attnum > 0 AND NOT a.attisdropped
 ORDER BY a.attnum
[0m
  [1m[35mSQL (0.5ms)[0m  SELECT "schema_migrations"."version" FROM "schema_migrations"
Migrating to CreateArticles (20110213201145)
  [1m[36mSQL (0.1ms)[0m  [1mBEGIN[0m
  [1m[35mSQL (210.7ms)[0m  CREATE TABLE "articles" ("id" serial primary key, "title" character varying(255), "body" text, "created_at" timestamp, "updated_at" timestamp) 
  [1m[36mSQL (1.1ms)[0m  [1m SELECT a.attname, format_type(a.atttypid, a.atttypmod), d.adsrc, a.attnotnull
 FROM pg_attribute a LEFT JOIN pg_attrdef d
 ON a.attrelid = d.adrelid AND a.attnum = d.adnum
 WHERE a.attrelid = '"schema_migrations"'::regclass
 AND a.attnum > 0 AND NOT a.attisdropped
 ORDER BY a.attnum
[0m
  [1m[35mPK and serial sequence (74.8ms)[0m   SELECT attr.attname, seq.relname
 FROM pg_class seq,
 pg_attribute attr,
 pg_depend dep,
 pg_namespace name,
 pg_constraint cons
 WHERE seq.oid = dep.objid
 AND seq.relkind = 'S'
 AND attr.attrelid = dep.refobjid
 AND attr.attnum = dep.refobjsubid
 AND attr.attrelid = cons.conrelid
 AND attr.attnum = cons.conkey[1]
 AND cons.contype = 'p'
 AND dep.refobjid = '"schema_migrations"'::regclass
  [1m[36mPK and custom sequence (13.3ms)[0m  [1m SELECT attr.attname,
 CASE
 WHEN split_part(def.adsrc, '''', 2) ~ '.' THEN
 substr(split_part(def.adsrc, '''', 2),
 strpos(split_part(def.adsrc, '''', 2), '.')+1)
 ELSE split_part(def.adsrc, '''', 2)
 END
 FROM pg_class t
 JOIN pg_attribute attr ON (t.oid = attrelid)
 JOIN pg_attrdef def ON (adrelid = attrelid AND adnum = attnum)
 JOIN pg_constraint cons ON (conrelid = adrelid AND adnum = conkey[1])
 WHERE t.oid = '"schema_migrations"'::regclass
 AND cons.contype = 'p'
 AND def.adsrc ~* 'nextval'
[0m
  [1m[35mSQL (5.7ms)[0m  INSERT INTO "schema_migrations" ("version") VALUES ('20110213201145')
  [1m[36mPK and serial sequence (2.7ms)[0m  [1m SELECT attr.attname, seq.relname
 FROM pg_class seq,
 pg_attribute attr,
 pg_depend dep,
 pg_namespace name,
 pg_constraint cons
 WHERE seq.oid = dep.objid
 AND seq.relkind = 'S'
 AND attr.attrelid = dep.refobjid
 AND attr.attnum = dep.refobjsubid
 AND attr.attrelid = cons.conrelid
 AND attr.attnum = cons.conkey[1]
 AND cons.contype = 'p'
 AND dep.refobjid = '"schema_migrations"'::regclass
[0m
  [1m[35mPK and custom sequence (1.0ms)[0m   SELECT attr.attname,
 CASE
 WHEN split_part(def.adsrc, '''', 2) ~ '.' THEN
 substr(split_part(def.adsrc, '''', 2),
 strpos(split_part(def.adsrc, '''', 2), '.')+1)
 ELSE split_part(def.adsrc, '''', 2)
 END
 FROM pg_class t
 JOIN pg_attribute attr ON (t.oid = attrelid)
 JOIN pg_attrdef def ON (adrelid = attrelid AND adnum = attnum)
 JOIN pg_constraint cons ON (conrelid = adrelid AND adnum = conkey[1])
 WHERE t.oid = '"schema_migrations"'::regclass
 AND cons.contype = 'p'
 AND def.adsrc ~* 'nextval'
  [1m[36mSQL (0.7ms)[0m  [1mCOMMIT[0m
  [1m[35mSQL (1.2ms)[0m   SELECT COUNT(*)
 FROM pg_tables
 WHERE tablename = 'schema_migrations'
 
  [1m[36mSQL (1.6ms)[0m  [1m SELECT a.attname, format_type(a.atttypid, a.atttypmod), d.adsrc, a.attnotnull
 FROM pg_attribute a LEFT JOIN pg_attrdef d
 ON a.attrelid = d.adrelid AND a.attnum = d.adnum
 WHERE a.attrelid = '"schema_migrations"'::regclass
 AND a.attnum > 0 AND NOT a.attisdropped
 ORDER BY a.attnum
[0m
  [1m[35mSQL (0.2ms)[0m  SELECT "schema_migrations"."version" FROM "schema_migrations"
  [1m[36mSQL (1.3ms)[0m  [1m SELECT tablename
 FROM pg_tables
 WHERE schemaname = ANY (current_schemas(false))
[0m
  [1m[35mSQL (0.6ms)[0m   SELECT a.attname, format_type(a.atttypid, a.atttypmod), d.adsrc, a.attnotnull
 FROM pg_attribute a LEFT JOIN pg_attrdef d
 ON a.attrelid = d.adrelid AND a.attnum = d.adnum
 WHERE a.attrelid = '"articles"'::regclass
 AND a.attnum > 0 AND NOT a.attisdropped
 ORDER BY a.attnum
  [1m[36mPK and serial sequence (3.1ms)[0m  [1m SELECT attr.attname, seq.relname
 FROM pg_class seq,
 pg_attribute attr,
 pg_depend dep,
 pg_namespace name,
 pg_constraint cons
 WHERE seq.oid = dep.objid
 AND seq.relkind = 'S'
 AND attr.attrelid = dep.refobjid
 AND attr.attnum = dep.refobjsubid
 AND attr.attrelid = cons.conrelid
 AND attr.attnum = cons.conkey[1]
 AND cons.contype = 'p'
 AND dep.refobjid = '"articles"'::regclass
[0m
  [1m[35mSQL (0.1ms)[0m  SHOW search_path
  [1m[36mSQL (1.9ms)[0m  [1m SELECT distinct i.relname, d.indisunique, d.indkey, t.oid
 FROM pg_class t, pg_class i, pg_index d
 WHERE i.relkind = 'i'
 AND d.indexrelid = i.oid
 AND d.indisprimary = 'f'
 AND t.oid = d.indrelid
 AND t.relname = 'articles'
 AND i.relnamespace IN (SELECT oid FROM pg_namespace WHERE nspname IN ('"$user"','public') )
 ORDER BY i.relname
[0m
  [1m[36mSQL (0.3ms)[0m  [1mSHOW client_min_messages[0m
  [1m[35mSQL (0.1ms)[0m  SET client_min_messages TO 'panic'
  [1m[36mSQL (0.1ms)[0m  [1mSET standard_conforming_strings = on[0m
  [1m[35mSQL (0.1ms)[0m  SET client_min_messages TO 'notice'
  [1m[36mSQL (0.5ms)[0m  [1mSET time zone 'UTC'[0m
  [1m[35mSQL (0.1ms)[0m  SHOW TIME ZONE
  [1m[36mSQL (22.3ms)[0m  [1m SELECT COUNT(*)
 FROM pg_tables
 WHERE tablename = 'schema_migrations'
 
[0m
  [1m[35mSQL (1.2ms)[0m   SELECT tablename
 FROM pg_tables
 WHERE schemaname = ANY (current_schemas(false))
  [1m[36mSQL (2.3ms)[0m  [1m SELECT a.attname, format_type(a.atttypid, a.atttypmod), d.adsrc, a.attnotnull
 FROM pg_attribute a LEFT JOIN pg_attrdef d
 ON a.attrelid = d.adrelid AND a.attnum = d.adnum
 WHERE a.attrelid = '"schema_migrations"'::regclass
 AND a.attnum > 0 AND NOT a.attisdropped
 ORDER BY a.attnum
[0m
  [1m[35mSQL (0.4ms)[0m  SELECT "schema_migrations"."version" FROM "schema_migrations"
  [1m[36mSQL (26.6ms)[0m  [1mSET search_path TO public[0m
  [1m[35mSQL (4.4ms)[0m  SHOW client_min_messages
  [1m[36mSQL (0.1ms)[0m  [1mSET client_min_messages TO 'panic'[0m
  [1m[35mSQL (0.1ms)[0m  SET standard_conforming_strings = on
  [1m[36mSQL (0.1ms)[0m  [1mSET client_min_messages TO 'notice'[0m
  [1m[35mSQL (0.5ms)[0m  SET time zone 'UTC'
  [1m[36mSQL (0.1ms)[0m  [1mSHOW TIME ZONE[0m
  [1m[35mSQL (183.4ms)[0m  DROP DATABASE IF EXISTS "bestbcn_test"
  [1m[36mSQL (0.1ms)[0m  [1mSET search_path TO public[0m
  [1m[35mSQL (0.2ms)[0m  SHOW client_min_messages
  [1m[36mSQL (0.1ms)[0m  [1mSET client_min_messages TO 'panic'[0m
  [1m[35mSQL (0.1ms)[0m  SET standard_conforming_strings = on
  [1m[36mSQL (0.1ms)[0m  [1mSET client_min_messages TO 'notice'[0m
  [1m[35mSQL (0.5ms)[0m  SET time zone 'UTC'
  [1m[36mSQL (0.1ms)[0m  [1mSHOW TIME ZONE[0m
  [1m[35mSQL (454.2ms)[0m  CREATE DATABASE "bestbcn_test" ENCODING = 'unicode'
  [1m[36mSQL (0.3ms)[0m  [1mSHOW client_min_messages[0m
  [1m[35mSQL (0.1ms)[0m  SET client_min_messages TO 'panic'
  [1m[36mSQL (0.1ms)[0m  [1mSET standard_conforming_strings = on[0m
  [1m[35mSQL (0.1ms)[0m  SET client_min_messages TO 'notice'
  [1m[36mSQL (0.5ms)[0m  [1mSET time zone 'UTC'[0m
  [1m[35mSQL (0.2ms)[0m  SHOW TIME ZONE
  [1m[36mSQL (3.5ms)[0m  [1m SELECT COUNT(*)
 FROM pg_tables
 WHERE tablename = 'articles'
 
[0m
  [1m[35mSQL (15.0ms)[0m  CREATE TABLE "articles" ("id" serial primary key, "title" character varying(255), "body" text, "created_at" timestamp, "updated_at" timestamp) 
  [1m[36mSQL (0.8ms)[0m  [1m SELECT COUNT(*)
 FROM pg_tables
 WHERE tablename = 'schema_migrations'
 
[0m
  [1m[35mSQL (5.8ms)[0m  CREATE TABLE "schema_migrations" ("version" character varying(255) NOT NULL) 
  [1m[36mSQL (0.1ms)[0m  [1mSHOW search_path[0m
  [1m[35mSQL (2.4ms)[0m   SELECT distinct i.relname, d.indisunique, d.indkey, t.oid
 FROM pg_class t, pg_class i, pg_index d
 WHERE i.relkind = 'i'
 AND d.indexrelid = i.oid
 AND d.indisprimary = 'f'
 AND t.oid = d.indrelid
 AND t.relname = 'schema_migrations'
 AND i.relnamespace IN (SELECT oid FROM pg_namespace WHERE nspname IN ('"$user"','public') )
 ORDER BY i.relname
  [1m[36mSQL (5.2ms)[0m  [1mCREATE UNIQUE INDEX "unique_schema_migrations" ON "schema_migrations" ("version")[0m
  [1m[35mSQL (0.5ms)[0m   SELECT COUNT(*)
 FROM pg_tables
 WHERE tablename = 'schema_info'
 
  [1m[36mSQL (0.3ms)[0m  [1mSELECT version FROM "schema_migrations"[0m
  [1m[35mSQL (0.8ms)[0m  INSERT INTO "schema_migrations" (version) VALUES ('20110213201145')
  [1m[36mSQL (0.5ms)[0m  [1mSHOW client_min_messages[0m
  [1m[35mSQL (0.1ms)[0m  SET client_min_messages TO 'panic'
  [1m[36mSQL (0.1ms)[0m  [1mSET standard_conforming_strings = on[0m
  [1m[35mSQL (0.1ms)[0m  SET client_min_messages TO 'notice'
  [1m[36mSQL (0.5ms)[0m  [1mSET time zone 'UTC'[0m
  [1m[35mSQL (0.1ms)[0m  SHOW TIME ZONE
  [1m[36mSQL (3.6ms)[0m  [1m SELECT COUNT(*)
 FROM pg_tables
 WHERE tablename = 'schema_migrations'
 
[0m
  [1m[35mSQL (1.1ms)[0m   SELECT tablename
 FROM pg_tables
 WHERE schemaname = ANY (current_schemas(false))
  [1m[36mSQL (2.5ms)[0m  [1m SELECT a.attname, format_type(a.atttypid, a.atttypmod), d.adsrc, a.attnotnull
 FROM pg_attribute a LEFT JOIN pg_attrdef d
 ON a.attrelid = d.adrelid AND a.attnum = d.adnum
 WHERE a.attrelid = '"schema_migrations"'::regclass
 AND a.attnum > 0 AND NOT a.attisdropped
 ORDER BY a.attnum
[0m
  [1m[35mSQL (0.4ms)[0m  SELECT "schema_migrations"."version" FROM "schema_migrations"
  [1m[36mSQL (0.4ms)[0m  [1mSET search_path TO public[0m
  [1m[35mSQL (0.4ms)[0m  SHOW client_min_messages
  [1m[36mSQL (0.1ms)[0m  [1mSET client_min_messages TO 'panic'[0m
  [1m[35mSQL (0.1ms)[0m  SET standard_conforming_strings = on
  [1m[36mSQL (0.1ms)[0m  [1mSET client_min_messages TO 'notice'[0m
  [1m[35mSQL (0.6ms)[0m  SET time zone 'UTC'
  [1m[36mSQL (0.1ms)[0m  [1mSHOW TIME ZONE[0m
  [1m[35mSQL (123.9ms)[0m  DROP DATABASE IF EXISTS "bestbcn_test"
  [1m[36mSQL (0.1ms)[0m  [1mSET search_path TO public[0m
  [1m[35mSQL (0.2ms)[0m  SHOW client_min_messages
  [1m[36mSQL (0.1ms)[0m  [1mSET client_min_messages TO 'panic'[0m
  [1m[35mSQL (0.1ms)[0m  SET standard_conforming_strings = on
  [1m[36mSQL (0.1ms)[0m  [1mSET client_min_messages TO 'notice'[0m
  [1m[35mSQL (0.5ms)[0m  SET time zone 'UTC'
  [1m[36mSQL (0.1ms)[0m  [1mSHOW TIME ZONE[0m
  [1m[35mSQL (287.3ms)[0m  CREATE DATABASE "bestbcn_test" ENCODING = 'unicode'
  [1m[36mSQL (0.3ms)[0m  [1mSHOW client_min_messages[0m
  [1m[35mSQL (0.1ms)[0m  SET client_min_messages TO 'panic'
  [1m[36mSQL (0.1ms)[0m  [1mSET standard_conforming_strings = on[0m
  [1m[35mSQL (0.1ms)[0m  SET client_min_messages TO 'notice'
  [1m[36mSQL (0.5ms)[0m  [1mSET time zone 'UTC'[0m
  [1m[35mSQL (0.1ms)[0m  SHOW TIME ZONE
  [1m[36mSQL (3.5ms)[0m  [1m SELECT COUNT(*)
 FROM pg_tables
 WHERE tablename = 'articles'
 
[0m
  [1m[35mSQL (14.0ms)[0m  CREATE TABLE "articles" ("id" serial primary key, "title" character varying(255), "body" text, "created_at" timestamp, "updated_at" timestamp) 
  [1m[36mSQL (0.8ms)[0m  [1m SELECT COUNT(*)
 FROM pg_tables
 WHERE tablename = 'schema_migrations'
 
[0m
  [1m[35mSQL (1.3ms)[0m  CREATE TABLE "schema_migrations" ("version" character varying(255) NOT NULL) 
  [1m[36mSQL (0.1ms)[0m  [1mSHOW search_path[0m
  [1m[35mSQL (2.4ms)[0m   SELECT distinct i.relname, d.indisunique, d.indkey, t.oid
 FROM pg_class t, pg_class i, pg_index d
 WHERE i.relkind = 'i'
 AND d.indexrelid = i.oid
 AND d.indisprimary = 'f'
 AND t.oid = d.indrelid
 AND t.relname = 'schema_migrations'
 AND i.relnamespace IN (SELECT oid FROM pg_namespace WHERE nspname IN ('"$user"','public') )
 ORDER BY i.relname
  [1m[36mSQL (2.6ms)[0m  [1mCREATE UNIQUE INDEX "unique_schema_migrations" ON "schema_migrations" ("version")[0m
  [1m[35mSQL (0.4ms)[0m   SELECT COUNT(*)
 FROM pg_tables
 WHERE tablename = 'schema_info'
 
  [1m[36mSQL (0.2ms)[0m  [1mSELECT version FROM "schema_migrations"[0m
  [1m[35mSQL (0.8ms)[0m  INSERT INTO "schema_migrations" (version) VALUES ('20110213201145')


Started GET "/" for 127.0.0.1 at 2011-02-13 21:39:11 +0100
  [1m[36mSQL (0.3ms)[0m  [1mSHOW client_min_messages[0m
  [1m[35mSQL (0.1ms)[0m  SET client_min_messages TO 'panic'
  [1m[36mSQL (0.1ms)[0m  [1mSET standard_conforming_strings = on[0m
  [1m[35mSQL (0.1ms)[0m  SET client_min_messages TO 'notice'
  [1m[36mSQL (0.7ms)[0m  [1mSET time zone 'UTC'[0m
  [1m[35mSQL (0.1ms)[0m  SHOW TIME ZONE

ActionController::RoutingError (uninitialized constant ArticleController):
  

Rendered /Users/mussegam/.rvm/gems/ruby-1.9.2-p136/gems/actionpack-3.0.3/lib/action_dispatch/middleware/templates/rescues/routing_error.erb within rescues/layout (1.8ms)


Started GET "/" for 127.0.0.1 at 2011-02-13 21:39:26 +0100
  Processing by ArticlesController#index as HTML
Completed   in 111ms

ActiveRecord::RecordNotFound (Couldn't find Article without an ID):
  app/controllers/articles_controller.rb:4:in `index'

Rendered /Users/mussegam/.rvm/gems/ruby-1.9.2-p136/gems/actionpack-3.0.3/lib/action_dispatch/middleware/templates/rescues/_trace.erb (1.5ms)
Rendered /Users/mussegam/.rvm/gems/ruby-1.9.2-p136/gems/actionpack-3.0.3/lib/action_dispatch/middleware/templates/rescues/_request_and_response.erb (2.9ms)
Rendered /Users/mussegam/.rvm/gems/ruby-1.9.2-p136/gems/actionpack-3.0.3/lib/action_dispatch/middleware/templates/rescues/diagnostics.erb within rescues/layout (10.4ms)


Started GET "/" for 127.0.0.1 at 2011-02-13 21:39:42 +0100
  Processing by ArticlesController#index as HTML
  [1m[36mArticle Load (1.8ms)[0m  [1mSELECT "articles".* FROM "articles"[0m
Rendered articles/index.html.erb within layouts/application (2.7ms)
Completed 200 OK in 44ms (Views: 35.4ms | ActiveRecord: 1.8ms)


Started GET "/" for 127.0.0.1 at 2011-02-13 21:41:18 +0100
  Processing by ArticlesController#index as HTML
  [1m[35mArticle Load (0.4ms)[0m  SELECT "articles".* FROM "articles"
Rendered articles/index.html.erb within layouts/application (2.3ms)
Completed 200 OK in 13ms (Views: 6.4ms | ActiveRecord: 0.4ms)
  [1m[36mSQL (0.3ms)[0m  [1mSHOW client_min_messages[0m
  [1m[35mSQL (0.1ms)[0m  SET client_min_messages TO 'panic'
  [1m[36mSQL (0.1ms)[0m  [1mSET standard_conforming_strings = on[0m
  [1m[35mSQL (0.1ms)[0m  SET client_min_messages TO 'notice'
  [1m[36mSQL (0.5ms)[0m  [1mSET time zone 'UTC'[0m
  [1m[35mSQL (0.1ms)[0m  SHOW TIME ZONE
  [1m[36mSQL (3.6ms)[0m  [1m SELECT COUNT(*)
 FROM pg_tables
 WHERE tablename = 'schema_migrations'
 
[0m
  [1m[35mSQL (1.1ms)[0m   SELECT tablename
 FROM pg_tables
 WHERE schemaname = ANY (current_schemas(false))
  [1m[36mSQL (30.7ms)[0m  [1m SELECT a.attname, format_type(a.atttypid, a.atttypmod), d.adsrc, a.attnotnull
 FROM pg_attribute a LEFT JOIN pg_attrdef d
 ON a.attrelid = d.adrelid AND a.attnum = d.adnum
 WHERE a.attrelid = '"schema_migrations"'::regclass
 AND a.attnum > 0 AND NOT a.attisdropped
 ORDER BY a.attnum
[0m
  [1m[35mSQL (0.6ms)[0m  SELECT "schema_migrations"."version" FROM "schema_migrations"
  [1m[36mSQL (0.3ms)[0m  [1mSET search_path TO public[0m
  [1m[35mSQL (0.3ms)[0m  SHOW client_min_messages
  [1m[36mSQL (0.1ms)[0m  [1mSET client_min_messages TO 'panic'[0m
  [1m[35mSQL (0.1ms)[0m  SET standard_conforming_strings = on
  [1m[36mSQL (0.1ms)[0m  [1mSET client_min_messages TO 'notice'[0m
  [1m[35mSQL (0.5ms)[0m  SET time zone 'UTC'
  [1m[36mSQL (0.1ms)[0m  [1mSHOW TIME ZONE[0m
  [1m[35mSQL (123.4ms)[0m  DROP DATABASE IF EXISTS "bestbcn_test"
  [1m[36mSQL (0.2ms)[0m  [1mSET search_path TO public[0m
  [1m[35mSQL (0.2ms)[0m  SHOW client_min_messages
  [1m[36mSQL (0.1ms)[0m  [1mSET client_min_messages TO 'panic'[0m
  [1m[35mSQL (0.1ms)[0m  SET standard_conforming_strings = on
  [1m[36mSQL (0.1ms)[0m  [1mSET client_min_messages TO 'notice'[0m
  [1m[35mSQL (0.5ms)[0m  SET time zone 'UTC'
  [1m[36mSQL (0.1ms)[0m  [1mSHOW TIME ZONE[0m
  [1m[35mSQL (400.5ms)[0m  CREATE DATABASE "bestbcn_test" ENCODING = 'unicode'
  [1m[36mSQL (0.3ms)[0m  [1mSHOW client_min_messages[0m
  [1m[35mSQL (0.1ms)[0m  SET client_min_messages TO 'panic'
  [1m[36mSQL (0.1ms)[0m  [1mSET standard_conforming_strings = on[0m
  [1m[35mSQL (0.1ms)[0m  SET client_min_messages TO 'notice'
  [1m[36mSQL (0.5ms)[0m  [1mSET time zone 'UTC'[0m
  [1m[35mSQL (0.1ms)[0m  SHOW TIME ZONE
  [1m[36mSQL (3.5ms)[0m  [1m SELECT COUNT(*)
 FROM pg_tables
 WHERE tablename = 'articles'
 
[0m
  [1m[35mSQL (14.6ms)[0m  CREATE TABLE "articles" ("id" serial primary key, "title" character varying(255), "body" text, "created_at" timestamp, "updated_at" timestamp) 
  [1m[36mSQL (0.8ms)[0m  [1m SELECT COUNT(*)
 FROM pg_tables
 WHERE tablename = 'schema_migrations'
 
[0m
  [1m[35mSQL (1.4ms)[0m  CREATE TABLE "schema_migrations" ("version" character varying(255) NOT NULL) 
  [1m[36mSQL (0.2ms)[0m  [1mSHOW search_path[0m
  [1m[35mSQL (2.5ms)[0m   SELECT distinct i.relname, d.indisunique, d.indkey, t.oid
 FROM pg_class t, pg_class i, pg_index d
 WHERE i.relkind = 'i'
 AND d.indexrelid = i.oid
 AND d.indisprimary = 'f'
 AND t.oid = d.indrelid
 AND t.relname = 'schema_migrations'
 AND i.relnamespace IN (SELECT oid FROM pg_namespace WHERE nspname IN ('"$user"','public') )
 ORDER BY i.relname
  [1m[36mSQL (1.8ms)[0m  [1mCREATE UNIQUE INDEX "unique_schema_migrations" ON "schema_migrations" ("version")[0m
  [1m[35mSQL (0.4ms)[0m   SELECT COUNT(*)
 FROM pg_tables
 WHERE tablename = 'schema_info'
 
  [1m[36mSQL (0.2ms)[0m  [1mSELECT version FROM "schema_migrations"[0m
  [1m[35mSQL (0.8ms)[0m  INSERT INTO "schema_migrations" (version) VALUES ('20110213201145')
  [1m[36mSQL (0.3ms)[0m  [1mSHOW client_min_messages[0m
  [1m[35mSQL (0.1ms)[0m  SET client_min_messages TO 'panic'
  [1m[36mSQL (0.1ms)[0m  [1mSET standard_conforming_strings = on[0m
  [1m[35mSQL (0.1ms)[0m  SET client_min_messages TO 'notice'
  [1m[36mSQL (0.5ms)[0m  [1mSET time zone 'UTC'[0m
  [1m[35mSQL (0.1ms)[0m  SHOW TIME ZONE
  [1m[36mSQL (3.7ms)[0m  [1m SELECT COUNT(*)
 FROM pg_tables
 WHERE tablename = 'schema_migrations'
 
[0m
  [1m[35mSQL (1.1ms)[0m   SELECT tablename
 FROM pg_tables
 WHERE schemaname = ANY (current_schemas(false))
  [1m[36mSQL (2.5ms)[0m  [1m SELECT a.attname, format_type(a.atttypid, a.atttypmod), d.adsrc, a.attnotnull
 FROM pg_attribute a LEFT JOIN pg_attrdef d
 ON a.attrelid = d.adrelid AND a.attnum = d.adnum
 WHERE a.attrelid = '"schema_migrations"'::regclass
 AND a.attnum > 0 AND NOT a.attisdropped
 ORDER BY a.attnum
[0m
  [1m[35mSQL (0.4ms)[0m  SELECT "schema_migrations"."version" FROM "schema_migrations"
  [1m[36mSQL (0.2ms)[0m  [1mSET search_path TO public[0m
  [1m[35mSQL (0.3ms)[0m  SHOW client_min_messages
  [1m[36mSQL (0.1ms)[0m  [1mSET client_min_messages TO 'panic'[0m
  [1m[35mSQL (0.1ms)[0m  SET standard_conforming_strings = on
  [1m[36mSQL (0.1ms)[0m  [1mSET client_min_messages TO 'notice'[0m
  [1m[35mSQL (0.5ms)[0m  SET time zone 'UTC'
  [1m[36mSQL (0.1ms)[0m  [1mSHOW TIME ZONE[0m
  [1m[35mSQL (142.3ms)[0m  DROP DATABASE IF EXISTS "bestbcn_test"
  [1m[36mSQL (0.1ms)[0m  [1mSET search_path TO public[0m
  [1m[35mSQL (0.2ms)[0m  SHOW client_min_messages
  [1m[36mSQL (0.1ms)[0m  [1mSET client_min_messages TO 'panic'[0m
  [1m[35mSQL (0.1ms)[0m  SET standard_conforming_strings = on
  [1m[36mSQL (0.1ms)[0m  [1mSET client_min_messages TO 'notice'[0m
  [1m[35mSQL (0.5ms)[0m  SET time zone 'UTC'
  [1m[36mSQL (0.1ms)[0m  [1mSHOW TIME ZONE[0m
  [1m[35mSQL (362.9ms)[0m  CREATE DATABASE "bestbcn_test" ENCODING = 'unicode'
  [1m[36mSQL (0.3ms)[0m  [1mSHOW client_min_messages[0m
  [1m[35mSQL (0.1ms)[0m  SET client_min_messages TO 'panic'
  [1m[36mSQL (0.1ms)[0m  [1mSET standard_conforming_strings = on[0m
  [1m[35mSQL (0.2ms)[0m  SET client_min_messages TO 'notice'
  [1m[36mSQL (0.5ms)[0m  [1mSET time zone 'UTC'[0m
  [1m[35mSQL (0.1ms)[0m  SHOW TIME ZONE
  [1m[36mSQL (3.9ms)[0m  [1m SELECT COUNT(*)
 FROM pg_tables
 WHERE tablename = 'articles'
 
[0m
  [1m[35mSQL (11.9ms)[0m  CREATE TABLE "articles" ("id" serial primary key, "title" character varying(255), "body" text, "created_at" timestamp, "updated_at" timestamp) 
  [1m[36mSQL (0.7ms)[0m  [1m SELECT COUNT(*)
 FROM pg_tables
 WHERE tablename = 'schema_migrations'
 
[0m
  [1m[35mSQL (2.6ms)[0m  CREATE TABLE "schema_migrations" ("version" character varying(255) NOT NULL) 
  [1m[36mSQL (0.1ms)[0m  [1mSHOW search_path[0m
  [1m[35mSQL (2.6ms)[0m   SELECT distinct i.relname, d.indisunique, d.indkey, t.oid
 FROM pg_class t, pg_class i, pg_index d
 WHERE i.relkind = 'i'
 AND d.indexrelid = i.oid
 AND d.indisprimary = 'f'
 AND t.oid = d.indrelid
 AND t.relname = 'schema_migrations'
 AND i.relnamespace IN (SELECT oid FROM pg_namespace WHERE nspname IN ('"$user"','public') )
 ORDER BY i.relname
  [1m[36mSQL (2.0ms)[0m  [1mCREATE UNIQUE INDEX "unique_schema_migrations" ON "schema_migrations" ("version")[0m
  [1m[35mSQL (0.5ms)[0m   SELECT COUNT(*)
 FROM pg_tables
 WHERE tablename = 'schema_info'
 
  [1m[36mSQL (0.4ms)[0m  [1mSELECT version FROM "schema_migrations"[0m
  [1m[35mSQL (0.9ms)[0m  INSERT INTO "schema_migrations" (version) VALUES ('20110213201145')


Started GET "/" for 127.0.0.1 at 2011-02-13 21:58:18 +0100
  Processing by ArticlesController#index as HTML
  [1m[36mArticle Load (0.4ms)[0m  [1mSELECT "articles".* FROM "articles"[0m
Rendered articles/index.html.erb within layouts/application (2.3ms)
Completed 200 OK in 14ms (Views: 7.1ms | ActiveRecord: 0.4ms)


Started GET "/articles/new" for 127.0.0.1 at 2011-02-13 21:58:22 +0100
  Processing by ArticlesController#new as HTML
  [1m[35mSQL (4.5ms)[0m   SELECT a.attname, format_type(a.atttypid, a.atttypmod), d.adsrc, a.attnotnull
 FROM pg_attribute a LEFT JOIN pg_attrdef d
 ON a.attrelid = d.adrelid AND a.attnum = d.adnum
 WHERE a.attrelid = '"articles"'::regclass
 AND a.attnum > 0 AND NOT a.attisdropped
 ORDER BY a.attnum
Rendered articles/new.html.erb within layouts/application (61.4ms)
Completed   in 84ms

ActionView::Template::Error (undefined method `simple_form_for' for #<#<Class:0x0000010308e9f0>:0x00000101b56830>):
    1: <%= simple_form_for @article do |f| %>
    2: 	<%= f.input :title %>
    3:     <%= f.input :body, :as => :text %>
    4:     <%= f.button :submit %>
  app/views/articles/new.html.erb:1:in `_app_views_articles_new_html_erb__2336718151091377563_2161812540_3662238560744186186'

Rendered /Users/mussegam/.rvm/gems/ruby-1.9.2-p136/gems/actionpack-3.0.3/lib/action_dispatch/middleware/templates/rescues/_trace.erb (1.3ms)
Rendered /Users/mussegam/.rvm/gems/ruby-1.9.2-p136/gems/actionpack-3.0.3/lib/action_dispatch/middleware/templates/rescues/_request_and_response.erb (3.1ms)
Rendered /Users/mussegam/.rvm/gems/ruby-1.9.2-p136/gems/actionpack-3.0.3/lib/action_dispatch/middleware/templates/rescues/template_error.erb within rescues/layout (9.0ms)


Started GET "/articles/new" for 127.0.0.1 at 2011-02-13 21:58:40 +0100
  [1m[36mSQL (0.3ms)[0m  [1mSHOW client_min_messages[0m
  [1m[35mSQL (0.1ms)[0m  SET client_min_messages TO 'panic'
  [1m[36mSQL (0.1ms)[0m  [1mSET standard_conforming_strings = on[0m
  [1m[35mSQL (0.1ms)[0m  SET client_min_messages TO 'notice'
  [1m[36mSQL (0.5ms)[0m  [1mSET time zone 'UTC'[0m
  [1m[35mSQL (0.1ms)[0m  SHOW TIME ZONE
  Processing by ArticlesController#new as HTML
  [1m[36mSQL (32.6ms)[0m  [1m SELECT a.attname, format_type(a.atttypid, a.atttypmod), d.adsrc, a.attnotnull
 FROM pg_attribute a LEFT JOIN pg_attrdef d
 ON a.attrelid = d.adrelid AND a.attnum = d.adnum
 WHERE a.attrelid = '"articles"'::regclass
 AND a.attnum > 0 AND NOT a.attisdropped
 ORDER BY a.attnum
[0m
Rendered articles/new.html.erb within layouts/application (239.4ms)
Completed 200 OK in 292ms (Views: 244.4ms | ActiveRecord: 33.9ms)
  [1m[36mSQL (0.3ms)[0m  [1mSHOW client_min_messages[0m
  [1m[35mSQL (0.1ms)[0m  SET client_min_messages TO 'panic'
  [1m[36mSQL (0.1ms)[0m  [1mSET standard_conforming_strings = on[0m
  [1m[35mSQL (0.1ms)[0m  SET client_min_messages TO 'notice'
  [1m[36mSQL (0.5ms)[0m  [1mSET time zone 'UTC'[0m
  [1m[35mSQL (0.1ms)[0m  SHOW TIME ZONE
  [1m[36mSQL (3.7ms)[0m  [1m SELECT COUNT(*)
 FROM pg_tables
 WHERE tablename = 'schema_migrations'
 
[0m
  [1m[35mSQL (1.3ms)[0m   SELECT tablename
 FROM pg_tables
 WHERE schemaname = ANY (current_schemas(false))
  [1m[36mSQL (2.1ms)[0m  [1m SELECT a.attname, format_type(a.atttypid, a.atttypmod), d.adsrc, a.attnotnull
 FROM pg_attribute a LEFT JOIN pg_attrdef d
 ON a.attrelid = d.adrelid AND a.attnum = d.adnum
 WHERE a.attrelid = '"schema_migrations"'::regclass
 AND a.attnum > 0 AND NOT a.attisdropped
 ORDER BY a.attnum
[0m
  [1m[35mSQL (0.4ms)[0m  SELECT "schema_migrations"."version" FROM "schema_migrations"
  [1m[36mSQL (0.2ms)[0m  [1mSET search_path TO public[0m
  [1m[35mSQL (0.3ms)[0m  SHOW client_min_messages
  [1m[36mSQL (0.1ms)[0m  [1mSET client_min_messages TO 'panic'[0m
  [1m[35mSQL (0.1ms)[0m  SET standard_conforming_strings = on
  [1m[36mSQL (0.1ms)[0m  [1mSET client_min_messages TO 'notice'[0m
  [1m[35mSQL (0.6ms)[0m  SET time zone 'UTC'
  [1m[36mSQL (0.1ms)[0m  [1mSHOW TIME ZONE[0m
  [1m[35mSQL (119.4ms)[0m  DROP DATABASE IF EXISTS "bestbcn_test"
  [1m[36mSQL (0.2ms)[0m  [1mSET search_path TO public[0m
  [1m[35mSQL (0.2ms)[0m  SHOW client_min_messages
  [1m[36mSQL (0.1ms)[0m  [1mSET client_min_messages TO 'panic'[0m
  [1m[35mSQL (0.1ms)[0m  SET standard_conforming_strings = on
  [1m[36mSQL (0.1ms)[0m  [1mSET client_min_messages TO 'notice'[0m
  [1m[35mSQL (0.5ms)[0m  SET time zone 'UTC'
  [1m[36mSQL (0.1ms)[0m  [1mSHOW TIME ZONE[0m
  [1m[35mSQL (282.4ms)[0m  CREATE DATABASE "bestbcn_test" ENCODING = 'unicode'
  [1m[36mSQL (0.9ms)[0m  [1mSHOW client_min_messages[0m
  [1m[35mSQL (0.1ms)[0m  SET client_min_messages TO 'panic'
  [1m[36mSQL (0.1ms)[0m  [1mSET standard_conforming_strings = on[0m
  [1m[35mSQL (0.1ms)[0m  SET client_min_messages TO 'notice'
  [1m[36mSQL (0.5ms)[0m  [1mSET time zone 'UTC'[0m
  [1m[35mSQL (0.1ms)[0m  SHOW TIME ZONE
  [1m[36mSQL (4.1ms)[0m  [1m SELECT COUNT(*)
 FROM pg_tables
 WHERE tablename = 'articles'
 
[0m
  [1m[35mSQL (14.9ms)[0m  CREATE TABLE "articles" ("id" serial primary key, "title" character varying(255), "body" text, "created_at" timestamp, "updated_at" timestamp) 
  [1m[36mSQL (0.7ms)[0m  [1m SELECT COUNT(*)
 FROM pg_tables
 WHERE tablename = 'schema_migrations'
 
[0m
  [1m[35mSQL (1.3ms)[0m  CREATE TABLE "schema_migrations" ("version" character varying(255) NOT NULL) 
  [1m[36mSQL (0.1ms)[0m  [1mSHOW search_path[0m
  [1m[35mSQL (2.5ms)[0m   SELECT distinct i.relname, d.indisunique, d.indkey, t.oid
 FROM pg_class t, pg_class i, pg_index d
 WHERE i.relkind = 'i'
 AND d.indexrelid = i.oid
 AND d.indisprimary = 'f'
 AND t.oid = d.indrelid
 AND t.relname = 'schema_migrations'
 AND i.relnamespace IN (SELECT oid FROM pg_namespace WHERE nspname IN ('"$user"','public') )
 ORDER BY i.relname
  [1m[36mSQL (4.2ms)[0m  [1mCREATE UNIQUE INDEX "unique_schema_migrations" ON "schema_migrations" ("version")[0m
  [1m[35mSQL (0.5ms)[0m   SELECT COUNT(*)
 FROM pg_tables
 WHERE tablename = 'schema_info'
 
  [1m[36mSQL (0.4ms)[0m  [1mSELECT version FROM "schema_migrations"[0m
  [1m[35mSQL (2.6ms)[0m  INSERT INTO "schema_migrations" (version) VALUES ('20110213201145')
  [1m[36mSQL (0.4ms)[0m  [1mSHOW client_min_messages[0m
  [1m[35mSQL (0.1ms)[0m  SET client_min_messages TO 'panic'
  [1m[36mSQL (0.1ms)[0m  [1mSET standard_conforming_strings = on[0m
  [1m[35mSQL (0.1ms)[0m  SET client_min_messages TO 'notice'
  [1m[36mSQL (0.5ms)[0m  [1mSET time zone 'UTC'[0m
  [1m[35mSQL (0.1ms)[0m  SHOW TIME ZONE
  [1m[36mSQL (47.2ms)[0m  [1m SELECT COUNT(*)
 FROM pg_tables
 WHERE tablename = 'schema_migrations'
 
[0m
  [1m[35mSQL (1.2ms)[0m   SELECT tablename
 FROM pg_tables
 WHERE schemaname = ANY (current_schemas(false))
  [1m[36mSQL (20.9ms)[0m  [1m SELECT a.attname, format_type(a.atttypid, a.atttypmod), d.adsrc, a.attnotnull
 FROM pg_attribute a LEFT JOIN pg_attrdef d
 ON a.attrelid = d.adrelid AND a.attnum = d.adnum
 WHERE a.attrelid = '"schema_migrations"'::regclass
 AND a.attnum > 0 AND NOT a.attisdropped
 ORDER BY a.attnum
[0m
  [1m[35mSQL (0.5ms)[0m  SELECT "schema_migrations"."version" FROM "schema_migrations"
  [1m[36mSQL (2.0ms)[0m  [1mSET search_path TO public[0m
  [1m[35mSQL (0.6ms)[0m  SHOW client_min_messages
  [1m[36mSQL (0.3ms)[0m  [1mSET client_min_messages TO 'panic'[0m
  [1m[35mSQL (0.1ms)[0m  SET standard_conforming_strings = on
  [1m[36mSQL (0.1ms)[0m  [1mSET client_min_messages TO 'notice'[0m
  [1m[35mSQL (0.7ms)[0m  SET time zone 'UTC'
  [1m[36mSQL (0.1ms)[0m  [1mSHOW TIME ZONE[0m
  [1m[35mSQL (155.0ms)[0m  DROP DATABASE IF EXISTS "bestbcn_test"
  [1m[36mSQL (0.2ms)[0m  [1mSET search_path TO public[0m
  [1m[35mSQL (0.2ms)[0m  SHOW client_min_messages
  [1m[36mSQL (0.1ms)[0m  [1mSET client_min_messages TO 'panic'[0m
  [1m[35mSQL (0.1ms)[0m  SET standard_conforming_strings = on
  [1m[36mSQL (0.1ms)[0m  [1mSET client_min_messages TO 'notice'[0m
  [1m[35mSQL (0.5ms)[0m  SET time zone 'UTC'
  [1m[36mSQL (0.6ms)[0m  [1mSHOW TIME ZONE[0m
  [1m[35mSQL (299.3ms)[0m  CREATE DATABASE "bestbcn_test" ENCODING = 'unicode'
  [1m[36mSQL (0.3ms)[0m  [1mSHOW client_min_messages[0m
  [1m[35mSQL (0.1ms)[0m  SET client_min_messages TO 'panic'
  [1m[36mSQL (0.1ms)[0m  [1mSET standard_conforming_strings = on[0m
  [1m[35mSQL (0.1ms)[0m  SET client_min_messages TO 'notice'
  [1m[36mSQL (0.5ms)[0m  [1mSET time zone 'UTC'[0m
  [1m[35mSQL (0.1ms)[0m  SHOW TIME ZONE
  [1m[36mSQL (3.6ms)[0m  [1m SELECT COUNT(*)
 FROM pg_tables
 WHERE tablename = 'articles'
 
[0m
  [1m[35mSQL (16.4ms)[0m  CREATE TABLE "articles" ("id" serial primary key, "title" character varying(255), "body" text, "created_at" timestamp, "updated_at" timestamp) 
  [1m[36mSQL (1.2ms)[0m  [1m SELECT COUNT(*)
 FROM pg_tables
 WHERE tablename = 'schema_migrations'
 
[0m
  [1m[35mSQL (1.7ms)[0m  CREATE TABLE "schema_migrations" ("version" character varying(255) NOT NULL) 
  [1m[36mSQL (0.1ms)[0m  [1mSHOW search_path[0m
  [1m[35mSQL (4.2ms)[0m   SELECT distinct i.relname, d.indisunique, d.indkey, t.oid
 FROM pg_class t, pg_class i, pg_index d
 WHERE i.relkind = 'i'
 AND d.indexrelid = i.oid
 AND d.indisprimary = 'f'
 AND t.oid = d.indrelid
 AND t.relname = 'schema_migrations'
 AND i.relnamespace IN (SELECT oid FROM pg_namespace WHERE nspname IN ('"$user"','public') )
 ORDER BY i.relname
  [1m[36mSQL (2.1ms)[0m  [1mCREATE UNIQUE INDEX "unique_schema_migrations" ON "schema_migrations" ("version")[0m
  [1m[35mSQL (0.5ms)[0m   SELECT COUNT(*)
 FROM pg_tables
 WHERE tablename = 'schema_info'
 
  [1m[36mSQL (0.3ms)[0m  [1mSELECT version FROM "schema_migrations"[0m
  [1m[35mSQL (0.8ms)[0m  INSERT INTO "schema_migrations" (version) VALUES ('20110213201145')
  [1m[36mSQL (0.3ms)[0m  [1mSHOW client_min_messages[0m
  [1m[35mSQL (0.1ms)[0m  SET client_min_messages TO 'panic'
  [1m[36mSQL (0.1ms)[0m  [1mSET standard_conforming_strings = on[0m
  [1m[35mSQL (0.1ms)[0m  SET client_min_messages TO 'notice'
  [1m[36mSQL (0.5ms)[0m  [1mSET time zone 'UTC'[0m
  [1m[35mSQL (0.1ms)[0m  SHOW TIME ZONE
  [1m[36mSQL (8.2ms)[0m  [1m SELECT COUNT(*)
 FROM pg_tables
 WHERE tablename = 'schema_migrations'
 
[0m
  [1m[35mSQL (1.2ms)[0m   SELECT tablename
 FROM pg_tables
 WHERE schemaname = ANY (current_schemas(false))
  [1m[36mSQL (2.6ms)[0m  [1m SELECT a.attname, format_type(a.atttypid, a.atttypmod), d.adsrc, a.attnotnull
 FROM pg_attribute a LEFT JOIN pg_attrdef d
 ON a.attrelid = d.adrelid AND a.attnum = d.adnum
 WHERE a.attrelid = '"schema_migrations"'::regclass
 AND a.attnum > 0 AND NOT a.attisdropped
 ORDER BY a.attnum
[0m
  [1m[35mSQL (0.4ms)[0m  SELECT "schema_migrations"."version" FROM "schema_migrations"
  [1m[36mSQL (0.3ms)[0m  [1mSET search_path TO public[0m
  [1m[35mSQL (0.3ms)[0m  SHOW client_min_messages
  [1m[36mSQL (0.1ms)[0m  [1mSET client_min_messages TO 'panic'[0m
  [1m[35mSQL (0.1ms)[0m  SET standard_conforming_strings = on
  [1m[36mSQL (0.1ms)[0m  [1mSET client_min_messages TO 'notice'[0m
  [1m[35mSQL (0.5ms)[0m  SET time zone 'UTC'
  [1m[36mSQL (0.1ms)[0m  [1mSHOW TIME ZONE[0m
  [1m[35mSQL (123.9ms)[0m  DROP DATABASE IF EXISTS "bestbcn_test"
  [1m[36mSQL (0.2ms)[0m  [1mSET search_path TO public[0m
  [1m[35mSQL (0.2ms)[0m  SHOW client_min_messages
  [1m[36mSQL (0.1ms)[0m  [1mSET client_min_messages TO 'panic'[0m
  [1m[35mSQL (0.1ms)[0m  SET standard_conforming_strings = on
  [1m[36mSQL (0.1ms)[0m  [1mSET client_min_messages TO 'notice'[0m
  [1m[35mSQL (0.5ms)[0m  SET time zone 'UTC'
  [1m[36mSQL (0.1ms)[0m  [1mSHOW TIME ZONE[0m
  [1m[35mSQL (275.4ms)[0m  CREATE DATABASE "bestbcn_test" ENCODING = 'unicode'
  [1m[36mSQL (0.3ms)[0m  [1mSHOW client_min_messages[0m
  [1m[35mSQL (0.1ms)[0m  SET client_min_messages TO 'panic'
  [1m[36mSQL (0.1ms)[0m  [1mSET standard_conforming_strings = on[0m
  [1m[35mSQL (0.1ms)[0m  SET client_min_messages TO 'notice'
  [1m[36mSQL (0.5ms)[0m  [1mSET time zone 'UTC'[0m
  [1m[35mSQL (0.1ms)[0m  SHOW TIME ZONE
  [1m[36mSQL (3.5ms)[0m  [1m SELECT COUNT(*)
 FROM pg_tables
 WHERE tablename = 'articles'
 
[0m
  [1m[35mSQL (17.3ms)[0m  CREATE TABLE "articles" ("id" serial primary key, "title" character varying(255), "body" text, "created_at" timestamp, "updated_at" timestamp) 
  [1m[36mSQL (3.0ms)[0m  [1m SELECT COUNT(*)
 FROM pg_tables
 WHERE tablename = 'schema_migrations'
 
[0m
  [1m[35mSQL (23.2ms)[0m  CREATE TABLE "schema_migrations" ("version" character varying(255) NOT NULL) 
  [1m[36mSQL (0.2ms)[0m  [1mSHOW search_path[0m
  [1m[35mSQL (2.5ms)[0m   SELECT distinct i.relname, d.indisunique, d.indkey, t.oid
 FROM pg_class t, pg_class i, pg_index d
 WHERE i.relkind = 'i'
 AND d.indexrelid = i.oid
 AND d.indisprimary = 'f'
 AND t.oid = d.indrelid
 AND t.relname = 'schema_migrations'
 AND i.relnamespace IN (SELECT oid FROM pg_namespace WHERE nspname IN ('"$user"','public') )
 ORDER BY i.relname
  [1m[36mSQL (4.9ms)[0m  [1mCREATE UNIQUE INDEX "unique_schema_migrations" ON "schema_migrations" ("version")[0m
  [1m[35mSQL (0.4ms)[0m   SELECT COUNT(*)
 FROM pg_tables
 WHERE tablename = 'schema_info'
 
  [1m[36mSQL (1.9ms)[0m  [1mSELECT version FROM "schema_migrations"[0m
  [1m[35mSQL (5.5ms)[0m  INSERT INTO "schema_migrations" (version) VALUES ('20110213201145')
  [1m[36mSQL (0.4ms)[0m  [1mSHOW client_min_messages[0m
  [1m[35mSQL (0.1ms)[0m  SET client_min_messages TO 'panic'
  [1m[36mSQL (0.1ms)[0m  [1mSET standard_conforming_strings = on[0m
  [1m[35mSQL (0.1ms)[0m  SET client_min_messages TO 'notice'
  [1m[36mSQL (0.5ms)[0m  [1mSET time zone 'UTC'[0m
  [1m[35mSQL (0.1ms)[0m  SHOW TIME ZONE
  [1m[36mSQL (4.0ms)[0m  [1m SELECT COUNT(*)
 FROM pg_tables
 WHERE tablename = 'schema_migrations'
 
[0m
  [1m[35mSQL (1.1ms)[0m   SELECT tablename
 FROM pg_tables
 WHERE schemaname = ANY (current_schemas(false))
  [1m[36mSQL (2.6ms)[0m  [1m SELECT a.attname, format_type(a.atttypid, a.atttypmod), d.adsrc, a.attnotnull
 FROM pg_attribute a LEFT JOIN pg_attrdef d
 ON a.attrelid = d.adrelid AND a.attnum = d.adnum
 WHERE a.attrelid = '"schema_migrations"'::regclass
 AND a.attnum > 0 AND NOT a.attisdropped
 ORDER BY a.attnum
[0m
  [1m[35mSQL (0.4ms)[0m  SELECT "schema_migrations"."version" FROM "schema_migrations"
  [1m[36mSQL (0.4ms)[0m  [1mSET search_path TO public[0m
  [1m[35mSQL (0.5ms)[0m  SHOW client_min_messages
  [1m[36mSQL (0.1ms)[0m  [1mSET client_min_messages TO 'panic'[0m
  [1m[35mSQL (0.1ms)[0m  SET standard_conforming_strings = on
  [1m[36mSQL (0.1ms)[0m  [1mSET client_min_messages TO 'notice'[0m
  [1m[35mSQL (0.7ms)[0m  SET time zone 'UTC'
  [1m[36mSQL (0.1ms)[0m  [1mSHOW TIME ZONE[0m
  [1m[35mSQL (122.6ms)[0m  DROP DATABASE IF EXISTS "bestbcn_test"
  [1m[36mSQL (0.2ms)[0m  [1mSET search_path TO public[0m
  [1m[35mSQL (0.2ms)[0m  SHOW client_min_messages
  [1m[36mSQL (0.1ms)[0m  [1mSET client_min_messages TO 'panic'[0m
  [1m[35mSQL (0.1ms)[0m  SET standard_conforming_strings = on
  [1m[36mSQL (0.1ms)[0m  [1mSET client_min_messages TO 'notice'[0m
  [1m[35mSQL (0.5ms)[0m  SET time zone 'UTC'
  [1m[36mSQL (0.1ms)[0m  [1mSHOW TIME ZONE[0m
  [1m[35mSQL (283.7ms)[0m  CREATE DATABASE "bestbcn_test" ENCODING = 'unicode'
  [1m[36mSQL (0.3ms)[0m  [1mSHOW client_min_messages[0m
  [1m[35mSQL (0.1ms)[0m  SET client_min_messages TO 'panic'
  [1m[36mSQL (0.1ms)[0m  [1mSET standard_conforming_strings = on[0m
  [1m[35mSQL (0.1ms)[0m  SET client_min_messages TO 'notice'
  [1m[36mSQL (0.5ms)[0m  [1mSET time zone 'UTC'[0m
  [1m[35mSQL (0.1ms)[0m  SHOW TIME ZONE
  [1m[36mSQL (3.5ms)[0m  [1m SELECT COUNT(*)
 FROM pg_tables
 WHERE tablename = 'articles'
 
[0m
  [1m[35mSQL (14.2ms)[0m  CREATE TABLE "articles" ("id" serial primary key, "title" character varying(255), "body" text, "created_at" timestamp, "updated_at" timestamp) 
  [1m[36mSQL (0.8ms)[0m  [1m SELECT COUNT(*)
 FROM pg_tables
 WHERE tablename = 'schema_migrations'
 
[0m
  [1m[35mSQL (1.3ms)[0m  CREATE TABLE "schema_migrations" ("version" character varying(255) NOT NULL) 
  [1m[36mSQL (0.1ms)[0m  [1mSHOW search_path[0m
  [1m[35mSQL (2.5ms)[0m   SELECT distinct i.relname, d.indisunique, d.indkey, t.oid
 FROM pg_class t, pg_class i, pg_index d
 WHERE i.relkind = 'i'
 AND d.indexrelid = i.oid
 AND d.indisprimary = 'f'
 AND t.oid = d.indrelid
 AND t.relname = 'schema_migrations'
 AND i.relnamespace IN (SELECT oid FROM pg_namespace WHERE nspname IN ('"$user"','public') )
 ORDER BY i.relname
  [1m[36mSQL (1.8ms)[0m  [1mCREATE UNIQUE INDEX "unique_schema_migrations" ON "schema_migrations" ("version")[0m
  [1m[35mSQL (0.4ms)[0m   SELECT COUNT(*)
 FROM pg_tables
 WHERE tablename = 'schema_info'
 
  [1m[36mSQL (0.2ms)[0m  [1mSELECT version FROM "schema_migrations"[0m
  [1m[35mSQL (23.8ms)[0m  INSERT INTO "schema_migrations" (version) VALUES ('20110213201145')
  [1m[36mSQL (0.3ms)[0m  [1mSHOW client_min_messages[0m
  [1m[35mSQL (0.1ms)[0m  SET client_min_messages TO 'panic'
  [1m[36mSQL (0.1ms)[0m  [1mSET standard_conforming_strings = on[0m
  [1m[35mSQL (0.1ms)[0m  SET client_min_messages TO 'notice'
  [1m[36mSQL (0.5ms)[0m  [1mSET time zone 'UTC'[0m
  [1m[35mSQL (0.1ms)[0m  SHOW TIME ZONE
  [1m[36mSQL (4.1ms)[0m  [1m SELECT COUNT(*)
 FROM pg_tables
 WHERE tablename = 'schema_migrations'
 
[0m
  [1m[35mSQL (1.1ms)[0m   SELECT tablename
 FROM pg_tables
 WHERE schemaname = ANY (current_schemas(false))
  [1m[36mSQL (2.7ms)[0m  [1m SELECT a.attname, format_type(a.atttypid, a.atttypmod), d.adsrc, a.attnotnull
 FROM pg_attribute a LEFT JOIN pg_attrdef d
 ON a.attrelid = d.adrelid AND a.attnum = d.adnum
 WHERE a.attrelid = '"schema_migrations"'::regclass
 AND a.attnum > 0 AND NOT a.attisdropped
 ORDER BY a.attnum
[0m
  [1m[35mSQL (0.5ms)[0m  SELECT "schema_migrations"."version" FROM "schema_migrations"
  [1m[36mSQL (0.2ms)[0m  [1mSET search_path TO public[0m
  [1m[35mSQL (0.4ms)[0m  SHOW client_min_messages
  [1m[36mSQL (0.1ms)[0m  [1mSET client_min_messages TO 'panic'[0m
  [1m[35mSQL (0.1ms)[0m  SET standard_conforming_strings = on
  [1m[36mSQL (0.1ms)[0m  [1mSET client_min_messages TO 'notice'[0m
  [1m[35mSQL (0.5ms)[0m  SET time zone 'UTC'
  [1m[36mSQL (0.1ms)[0m  [1mSHOW TIME ZONE[0m
  [1m[35mSQL (123.1ms)[0m  DROP DATABASE IF EXISTS "bestbcn_test"
  [1m[36mSQL (0.1ms)[0m  [1mSET search_path TO public[0m
  [1m[35mSQL (0.2ms)[0m  SHOW client_min_messages
  [1m[36mSQL (0.1ms)[0m  [1mSET client_min_messages TO 'panic'[0m
  [1m[35mSQL (0.1ms)[0m  SET standard_conforming_strings = on
  [1m[36mSQL (0.1ms)[0m  [1mSET client_min_messages TO 'notice'[0m
  [1m[35mSQL (0.5ms)[0m  SET time zone 'UTC'
  [1m[36mSQL (0.1ms)[0m  [1mSHOW TIME ZONE[0m
  [1m[35mSQL (275.9ms)[0m  CREATE DATABASE "bestbcn_test" ENCODING = 'unicode'
  [1m[36mSQL (0.3ms)[0m  [1mSHOW client_min_messages[0m
  [1m[35mSQL (0.1ms)[0m  SET client_min_messages TO 'panic'
  [1m[36mSQL (0.1ms)[0m  [1mSET standard_conforming_strings = on[0m
  [1m[35mSQL (0.1ms)[0m  SET client_min_messages TO 'notice'
  [1m[36mSQL (0.5ms)[0m  [1mSET time zone 'UTC'[0m
  [1m[35mSQL (0.1ms)[0m  SHOW TIME ZONE
  [1m[36mSQL (3.5ms)[0m  [1m SELECT COUNT(*)
 FROM pg_tables
 WHERE tablename = 'articles'
 
[0m
  [1m[35mSQL (14.6ms)[0m  CREATE TABLE "articles" ("id" serial primary key, "title" character varying(255), "body" text, "created_at" timestamp, "updated_at" timestamp) 
  [1m[36mSQL (0.8ms)[0m  [1m SELECT COUNT(*)
 FROM pg_tables
 WHERE tablename = 'schema_migrations'
 
[0m
  [1m[35mSQL (1.4ms)[0m  CREATE TABLE "schema_migrations" ("version" character varying(255) NOT NULL) 
  [1m[36mSQL (0.1ms)[0m  [1mSHOW search_path[0m
  [1m[35mSQL (2.5ms)[0m   SELECT distinct i.relname, d.indisunique, d.indkey, t.oid
 FROM pg_class t, pg_class i, pg_index d
 WHERE i.relkind = 'i'
 AND d.indexrelid = i.oid
 AND d.indisprimary = 'f'
 AND t.oid = d.indrelid
 AND t.relname = 'schema_migrations'
 AND i.relnamespace IN (SELECT oid FROM pg_namespace WHERE nspname IN ('"$user"','public') )
 ORDER BY i.relname
  [1m[36mSQL (1.9ms)[0m  [1mCREATE UNIQUE INDEX "unique_schema_migrations" ON "schema_migrations" ("version")[0m
  [1m[35mSQL (0.5ms)[0m   SELECT COUNT(*)
 FROM pg_tables
 WHERE tablename = 'schema_info'
 
  [1m[36mSQL (0.2ms)[0m  [1mSELECT version FROM "schema_migrations"[0m
  [1m[35mSQL (0.8ms)[0m  INSERT INTO "schema_migrations" (version) VALUES ('20110213201145')
  [1m[36mSQL (37.2ms)[0m  [1mSHOW client_min_messages[0m
  [1m[35mSQL (0.2ms)[0m  SET client_min_messages TO 'panic'
  [1m[36mSQL (0.1ms)[0m  [1mSET standard_conforming_strings = on[0m
  [1m[35mSQL (0.1ms)[0m  SET client_min_messages TO 'notice'
  [1m[36mSQL (36.2ms)[0m  [1mSET time zone 'UTC'[0m
  [1m[35mSQL (0.2ms)[0m  SHOW TIME ZONE
  [1m[36mSQL (76.6ms)[0m  [1m SELECT COUNT(*)
 FROM pg_tables
 WHERE tablename = 'schema_migrations'
 
[0m
  [1m[35mSQL (2.5ms)[0m   SELECT tablename
 FROM pg_tables
 WHERE schemaname = ANY (current_schemas(false))
  [1m[36mSQL (44.8ms)[0m  [1m SELECT a.attname, format_type(a.atttypid, a.atttypmod), d.adsrc, a.attnotnull
 FROM pg_attribute a LEFT JOIN pg_attrdef d
 ON a.attrelid = d.adrelid AND a.attnum = d.adnum
 WHERE a.attrelid = '"schema_migrations"'::regclass
 AND a.attnum > 0 AND NOT a.attisdropped
 ORDER BY a.attnum
[0m
  [1m[35mSQL (0.7ms)[0m  SELECT "schema_migrations"."version" FROM "schema_migrations"
  [1m[36mSQL (0.3ms)[0m  [1mSET search_path TO public[0m
  [1m[35mSQL (0.5ms)[0m  SHOW client_min_messages
  [1m[36mSQL (0.1ms)[0m  [1mSET client_min_messages TO 'panic'[0m
  [1m[35mSQL (0.1ms)[0m  SET standard_conforming_strings = on
  [1m[36mSQL (0.1ms)[0m  [1mSET client_min_messages TO 'notice'[0m
  [1m[35mSQL (2.8ms)[0m  SET time zone 'UTC'
  [1m[36mSQL (0.1ms)[0m  [1mSHOW TIME ZONE[0m
  [1m[35mSQL (146.3ms)[0m  DROP DATABASE IF EXISTS "bestbcn_test"
  [1m[36mSQL (0.1ms)[0m  [1mSET search_path TO public[0m
  [1m[35mSQL (0.2ms)[0m  SHOW client_min_messages
  [1m[36mSQL (0.1ms)[0m  [1mSET client_min_messages TO 'panic'[0m
  [1m[35mSQL (0.1ms)[0m  SET standard_conforming_strings = on
  [1m[36mSQL (0.1ms)[0m  [1mSET client_min_messages TO 'notice'[0m
  [1m[35mSQL (0.5ms)[0m  SET time zone 'UTC'
  [1m[36mSQL (0.1ms)[0m  [1mSHOW TIME ZONE[0m
  [1m[35mSQL (554.8ms)[0m  CREATE DATABASE "bestbcn_test" ENCODING = 'unicode'
  [1m[36mSQL (0.3ms)[0m  [1mSHOW client_min_messages[0m
  [1m[35mSQL (0.1ms)[0m  SET client_min_messages TO 'panic'
  [1m[36mSQL (0.1ms)[0m  [1mSET standard_conforming_strings = on[0m
  [1m[35mSQL (0.1ms)[0m  SET client_min_messages TO 'notice'
  [1m[36mSQL (0.5ms)[0m  [1mSET time zone 'UTC'[0m
  [1m[35mSQL (0.1ms)[0m  SHOW TIME ZONE
  [1m[36mSQL (3.4ms)[0m  [1m SELECT COUNT(*)
 FROM pg_tables
 WHERE tablename = 'articles'
 
[0m
  [1m[35mSQL (14.0ms)[0m  CREATE TABLE "articles" ("id" serial primary key, "title" character varying(255), "body" text, "created_at" timestamp, "updated_at" timestamp) 
  [1m[36mSQL (0.8ms)[0m  [1m SELECT COUNT(*)
 FROM pg_tables
 WHERE tablename = 'schema_migrations'
 
[0m
  [1m[35mSQL (19.9ms)[0m  CREATE TABLE "schema_migrations" ("version" character varying(255) NOT NULL) 
  [1m[36mSQL (0.3ms)[0m  [1mSHOW search_path[0m
  [1m[35mSQL (3.6ms)[0m   SELECT distinct i.relname, d.indisunique, d.indkey, t.oid
 FROM pg_class t, pg_class i, pg_index d
 WHERE i.relkind = 'i'
 AND d.indexrelid = i.oid
 AND d.indisprimary = 'f'
 AND t.oid = d.indrelid
 AND t.relname = 'schema_migrations'
 AND i.relnamespace IN (SELECT oid FROM pg_namespace WHERE nspname IN ('"$user"','public') )
 ORDER BY i.relname
  [1m[36mSQL (3.1ms)[0m  [1mCREATE UNIQUE INDEX "unique_schema_migrations" ON "schema_migrations" ("version")[0m
  [1m[35mSQL (0.6ms)[0m   SELECT COUNT(*)
 FROM pg_tables
 WHERE tablename = 'schema_info'
 
  [1m[36mSQL (0.3ms)[0m  [1mSELECT version FROM "schema_migrations"[0m
  [1m[35mSQL (0.7ms)[0m  INSERT INTO "schema_migrations" (version) VALUES ('20110213201145')
